<?xml version="1.0" encoding="UTF-8"?>
<testsuites name="New Test Suite" time="2" tests="0" failures="1" errors="0">
   <testsuite name="New Test Suite" tests="0" failures="1" errors="0" time="2" timestamp="2018-02-27 18:33:39" hostname="Ao - AO" id="Test Suites/New Test Suite">
      <properties>
         <property name="deviceName" value=""/>
         <property name="devicePlatform" value=""/>
         <property name="logFolder" value="C:\\Users\\Ao\\Desktop\\Git\\IOTA-Visualisation\\Website\\UI Test\\Reports\\New Test Suite\\20180227_183337"/>
         <property name="logFiles" value="C:\\Users\\Ao\\Desktop\\Git\\IOTA-Visualisation\\Website\\UI Test\\Reports\\New Test Suite\\20180227_183337\\execution0.log"/>
         <property name="attachments" value=""/>
         <property name="hostName" value="Ao - AO"/>
         <property name="os" value="Windows 10 32bit"/>
         <property name="katalonVersion" value="5.3.0.1"/>
         <property name="browser" value="Chrome 64.0.3282.186"/>
         <property name="hostAddress" value="146.169.163.204"/>
         <property name="sessionId" value="e04ecc3475e821a4ba85048dd2657d47"/>
         <property name="seleniumVersion" value="3.7.1"/>
         <property name="proxyInformation" value="ProxyInformation{proxyOption=NO_PROXY, proxyServerType=HTTP, password=, proxyServerAddress=, proxyServerPort=0}"/>
         <property name="platform" value="Windows 10"/>
      </properties>
      <testcase name="Test Cases/1" classname="Test Cases/1" status="FAILED">
         <failure type="FAILED" message="Unable to click on object 'Object Repository/Page_IOTA Node Visualizer/img' (Root cause: org.openqa.selenium.UnhandledAlertException: unexpected alert open: {Alert text : }
  (Session info: chrome=64.0.3282.186)
  (Driver info: chromedriver=2.35.528161 (5b82f2d2aae0ca24b877009200ced9065a772e73),platform=Windows NT 10.0.16299 x86_64) (WARNING: The server did not provide any stacktrace information)
Command duration or timeout: 0 milliseconds: null
Build info: version: '3.7.1', revision: '8a0099a', time: '2017-11-06T21:07:36.161Z'
System info: host: 'AO', ip: '146.169.163.204', os.name: 'Windows 10', os.arch: 'x86', os.version: '10.0', java.version: '1.8.0_102'
Driver info: com.kms.katalon.core.webui.driver.ExistingRemoteWebDriver
Capabilities {javascriptEnabled: true, platform: ANY, platformName: ANY}
Session ID: e04ecc3475e821a4ba85048dd2657d47
*** Element info: {Using=xpath, value=//img[@src = 'img/logo.png' and @alt = 'IOTA logo']})"/>
         <system-out><![CDATA[2018-02-27 18:33:39 - [TEST_CASE][FAILED] - Test Cases/1: Test Cases/1 FAILED because (of) Unable to click on object 'Object Repository/Page_IOTA Node Visualizer/img' (Root cause: org.openqa.selenium.UnhandledAlertException: unexpected alert open: {Alert text : }
  (Session info: chrome=64.0.3282.186)
  (Driver info: chromedriver=2.35.528161 (5b82f2d2aae0ca24b877009200ced9065a772e73),platform=Windows NT 10.0.16299 x86_64) (WARNING: The server did not provide any stacktrace information)
Command duration or timeout: 0 milliseconds: null
Build info: version: '3.7.1', revision: '8a0099a', time: '2017-11-06T21:07:36.161Z'
System info: host: 'AO', ip: '146.169.163.204', os.name: 'Windows 10', os.arch: 'x86', os.version: '10.0', java.version: '1.8.0_102'
Driver info: com.kms.katalon.core.webui.driver.ExistingRemoteWebDriver
Capabilities {javascriptEnabled: true, platform: ANY, platformName: ANY}
Session ID: e04ecc3475e821a4ba85048dd2657d47
*** Element info: {Using=xpath, value=//img[@src = 'img/logo.png' and @alt = 'IOTA logo']})

2018-02-27 18:33:40 - [TEST_STEP][PASSED] - openBrowser: Browser is opened with url: ''

2018-02-27 18:33:41 - [MESSAGE][PASSED] - Browser is opened with url: ''

2018-02-27 18:33:41 - [TEST_STEP][PASSED] - navigateToUrl: Navigate to 'http://51.140.113.215:3000/' successfully

2018-02-27 18:33:41 - [MESSAGE][PASSED] - Navigate to 'http://51.140.113.215:3000/' successfully

2018-02-27 18:33:41 - [TEST_STEP][FAILED] - click: Unable to click on object 'Object Repository/Page_IOTA Node Visualizer/img' (Root cause: org.openqa.selenium.UnhandledAlertException: unexpected alert open: {Alert text : }
  (Session info: chrome=64.0.3282.186)
  (Driver info: chromedriver=2.35.528161 (5b82f2d2aae0ca24b877009200ced9065a772e73),platform=Windows NT 10.0.16299 x86_64) (WARNING: The server did not provide any stacktrace information)
Command duration or timeout: 0 milliseconds: null
Build info: version: '3.7.1', revision: '8a0099a', time: '2017-11-06T21:07:36.161Z'
System info: host: 'AO', ip: '146.169.163.204', os.name: 'Windows 10', os.arch: 'x86', os.version: '10.0', java.version: '1.8.0_102'
Driver info: com.kms.katalon.core.webui.driver.ExistingRemoteWebDriver
Capabilities {javascriptEnabled: true, platform: ANY, platformName: ANY}
Session ID: e04ecc3475e821a4ba85048dd2657d47
*** Element info: {Using=xpath, value=//img[@src = 'img/logo.png' and @alt = 'IOTA logo']})

2018-02-27 18:33:41 - [MESSAGE][WARNING] - Cannot take screenshot

2018-02-27 18:33:41 - [MESSAGE][FAILED] - Unable to click on object 'Object Repository/Page_IOTA Node Visualizer/img' (Root cause: org.openqa.selenium.UnhandledAlertException: unexpected alert open: {Alert text : }
  (Session info: chrome=64.0.3282.186)
  (Driver info: chromedriver=2.35.528161 (5b82f2d2aae0ca24b877009200ced9065a772e73),platform=Windows NT 10.0.16299 x86_64) (WARNING: The server did not provide any stacktrace information)
Command duration or timeout: 0 milliseconds: null
Build info: version: '3.7.1', revision: '8a0099a', time: '2017-11-06T21:07:36.161Z'
System info: host: 'AO', ip: '146.169.163.204', os.name: 'Windows 10', os.arch: 'x86', os.version: '10.0', java.version: '1.8.0_102'
Driver info: com.kms.katalon.core.webui.driver.ExistingRemoteWebDriver
Capabilities {javascriptEnabled: true, platform: ANY, platformName: ANY}
Session ID: e04ecc3475e821a4ba85048dd2657d47
*** Element info: {Using=xpath, value=//img[@src = 'img/logo.png' and @alt = 'IOTA logo']})]]></system-out>
         <system-err><![CDATA[2018-02-27 18:33:39 - [TEST_CASE][FAILED] - Test Cases/1: Test Cases/1 FAILED because (of) Unable to click on object 'Object Repository/Page_IOTA Node Visualizer/img' (Root cause: org.openqa.selenium.UnhandledAlertException: unexpected alert open: {Alert text : }
  (Session info: chrome=64.0.3282.186)
  (Driver info: chromedriver=2.35.528161 (5b82f2d2aae0ca24b877009200ced9065a772e73),platform=Windows NT 10.0.16299 x86_64) (WARNING: The server did not provide any stacktrace information)
Command duration or timeout: 0 milliseconds: null
Build info: version: '3.7.1', revision: '8a0099a', time: '2017-11-06T21:07:36.161Z'
System info: host: 'AO', ip: '146.169.163.204', os.name: 'Windows 10', os.arch: 'x86', os.version: '10.0', java.version: '1.8.0_102'
Driver info: com.kms.katalon.core.webui.driver.ExistingRemoteWebDriver
Capabilities {javascriptEnabled: true, platform: ANY, platformName: ANY}
Session ID: e04ecc3475e821a4ba85048dd2657d47
*** Element info: {Using=xpath, value=//img[@src = 'img/logo.png' and @alt = 'IOTA logo']})]]></system-err>
      </testcase>
      <system-out><![CDATA[2018-02-27 18:33:39 - [TEST_SUITE][FAILED] - New Test Suite: Test Cases/1 FAILED because (of) Unable to click on object 'Object Repository/Page_IOTA Node Visualizer/img' (Root cause: org.openqa.selenium.UnhandledAlertException: unexpected alert open: {Alert text : }
  (Session info: chrome=64.0.3282.186)
  (Driver info: chromedriver=2.35.528161 (5b82f2d2aae0ca24b877009200ced9065a772e73),platform=Windows NT 10.0.16299 x86_64) (WARNING: The server did not provide any stacktrace information)
Command duration or timeout: 0 milliseconds: null
Build info: version: '3.7.1', revision: '8a0099a', time: '2017-11-06T21:07:36.161Z'
System info: host: 'AO', ip: '146.169.163.204', os.name: 'Windows 10', os.arch: 'x86', os.version: '10.0', java.version: '1.8.0_102'
Driver info: com.kms.katalon.core.webui.driver.ExistingRemoteWebDriver
Capabilities {javascriptEnabled: true, platform: ANY, platformName: ANY}
Session ID: e04ecc3475e821a4ba85048dd2657d47
*** Element info: {Using=xpath, value=//img[@src = 'img/logo.png' and @alt = 'IOTA logo']})]]></system-out>
      <system-err><![CDATA[2018-02-27 18:33:39 - [TEST_SUITE][FAILED] - New Test Suite: Test Cases/1 FAILED because (of) Unable to click on object 'Object Repository/Page_IOTA Node Visualizer/img' (Root cause: org.openqa.selenium.UnhandledAlertException: unexpected alert open: {Alert text : }
  (Session info: chrome=64.0.3282.186)
  (Driver info: chromedriver=2.35.528161 (5b82f2d2aae0ca24b877009200ced9065a772e73),platform=Windows NT 10.0.16299 x86_64) (WARNING: The server did not provide any stacktrace information)
Command duration or timeout: 0 milliseconds: null
Build info: version: '3.7.1', revision: '8a0099a', time: '2017-11-06T21:07:36.161Z'
System info: host: 'AO', ip: '146.169.163.204', os.name: 'Windows 10', os.arch: 'x86', os.version: '10.0', java.version: '1.8.0_102'
Driver info: com.kms.katalon.core.webui.driver.ExistingRemoteWebDriver
Capabilities {javascriptEnabled: true, platform: ANY, platformName: ANY}
Session ID: e04ecc3475e821a4ba85048dd2657d47
*** Element info: {Using=xpath, value=//img[@src = 'img/logo.png' and @alt = 'IOTA logo']})]]></system-err>
   </testsuite>
</testsuites>
